{ "timestamp":"2014-12-28T23:59:01", "level":"info","message":"======== comes from nohup.12-28-2014.out =========="}
{"level":"info","message":"Nodejs server Version: v0.10.29","timestamp":"2014-12-29T13:00:28.555Z"}
{"level":"info","message":"Running on http://localhost:8080","timestamp":"2014-12-29T13:00:28.557Z"}
{"level":"info","message":"Process Id (pid): 20501","timestamp":"2014-12-29T13:00:28.557Z"}
{"level":"info","message":"Mongoose version: 3.8.1","timestamp":"2014-12-29T13:00:28.616Z"}
{"level":"info","message":"Connected to Database. mongodb://localhost:27017/terapi","timestamp":"2014-12-29T13:00:28.616Z"}
{"level":"info","message":"Nodejs server Version: v0.10.29","timestamp":"2015-01-30T14:00:57.066Z"}
{"level":"info","message":"Running on http://localhost:8080","timestamp":"2015-01-30T14:00:57.068Z"}
{"level":"info","message":"Process Id (pid): 18249","timestamp":"2015-01-30T14:00:57.068Z"}
{"level":"info","message":"Mongoose version: 3.8.1","timestamp":"2015-01-30T14:00:57.094Z"}
{"level":"info","message":"Connected to Database. mongodb://localhost:27017/terapi","timestamp":"2015-01-30T14:00:57.094Z"}
{"attachments":[],"alternative":{"data":"<html><body><p>Ud. a solicitado un usario para ingresar a la página de Control de Información de Terminales portuarias. Para activar el mismo deberá hacer click al siguiente link http://terminales.puertobuenosaires.gob.ar:8080/unitTypes?key=14cb841f72283b4465379b53ea3440d2ab39f44ac01e8f4ec94fa4b1525a6761</p></body></html>","alternative":true,"charset":"utf-8","type":"text/html","inline":true},"header":{"message-id":"<1422626768329.0.18249@UBUNTUSIS058>","date":"Fri, 30 Jan 2015 11:06:08 -0300","from":"=?UTF-8?Q?AGP?= <noreply@puertobuenosaires.gob.ar>","to":"reyesdiego@hotmail.com","bcc":"=?UTF-8?Q?AGP?= <noreply@puertobuenosaires.gob.ar>","subject":"=?UTF-8?Q?Nuevo_Usuario?="},"content":"text/plain; charset=utf-8","text":"","level":"info","message":"Se envio un mail a %j","timestamp":"2015-01-30T14:06:08.602Z"}
{"attachments":[],"alternative":{"data":"<html><body><p>Ud. a solicitado un usario para ingresar a la página de Control de Información de Terminales portuarias. Para activar el mismo deberá hacer click al siguiente link http://terminales.puertobuenosaires.gob.ar:8080/unitTypes?key=7e7292eae13986faabf3147781e2e81b22a9e4df3cf3deefb0087bcc524e666b</p></body></html>","alternative":true,"charset":"utf-8","type":"text/html","inline":true},"header":{"message-id":"<1422626907003.1.18249@UBUNTUSIS058>","date":"Fri, 30 Jan 2015 11:08:27 -0300","from":"=?UTF-8?Q?AGP?= <noreply@puertobuenosaires.gob.ar>","to":"reyesdiego@hotmail.com","bcc":"=?UTF-8?Q?AGP?= <noreply@puertobuenosaires.gob.ar>","subject":"=?UTF-8?Q?Nuevo_Usuario?="},"content":"text/plain; charset=utf-8","text":"","level":"info","message":"Se envio un mail a %j","timestamp":"2015-01-30T14:09:02.175Z"}
{"level":"error","message":"Mongoose default connection disconnected","timestamp":"2015-01-30T14:09:57.734Z"}
{"level":"info","message":"Nodejs server Version: v0.10.29","timestamp":"2015-01-30T14:10:08.132Z"}
{"level":"info","message":"Running on http://localhost:8080","timestamp":"2015-01-30T14:10:08.134Z"}
{"level":"info","message":"Process Id (pid): 18405","timestamp":"2015-01-30T14:10:08.134Z"}
{"level":"info","message":"Mongoose version: 3.8.1","timestamp":"2015-01-30T14:10:08.238Z"}
{"level":"info","message":"Connected to Database. mongodb://localhost:27017/terapi","timestamp":"2015-01-30T14:10:08.238Z"}
{"level":"info","message":"Se envio un mail a {\"attachments\":[],\"alternative\":{\"data\":\"<html><body><p>Ud. a solicitado un usario para ingresar a la página de Control de Información de Terminales portuarias. Para activar el mismo deberá hacer click al siguiente link http://terminales.puertobuenosaires.gob.ar:8080/unitTypes?key=76db089de5cc88daaa5fcb05edc56be38a7cbfe651a784674fb549238d4344a3</p></body></html>\",\"alternative\":true,\"charset\":\"utf-8\",\"type\":\"text/html\",\"inline\":true},\"header\":{\"message-id\":\"<1422627025044.0.18405@UBUNTUSIS058>\",\"date\":\"Fri, 30 Jan 2015 11:10:25 -0300\",\"from\":\"=?UTF-8?Q?AGP?= <noreply@puertobuenosaires.gob.ar>\",\"to\":\"reyesdiego@hotmail.com\",\"bcc\":\"=?UTF-8?Q?AGP?= <noreply@puertobuenosaires.gob.ar>\",\"subject\":\"=?UTF-8?Q?Nuevo_Usuario?=\"},\"content\":\"text/plain; charset=utf-8\",\"text\":\"\"}","timestamp":"2015-01-30T14:10:25.278Z"}
{"level":"error","message":"Mongoose default connection disconnected","timestamp":"2015-01-30T14:11:59.284Z"}
{"level":"info","message":"Nodejs server Version: v0.10.29","timestamp":"2015-01-30T14:12:06.729Z"}
{"level":"info","message":"Running on http://localhost:8080","timestamp":"2015-01-30T14:12:06.731Z"}
{"level":"info","message":"Process Id (pid): 18455","timestamp":"2015-01-30T14:12:06.732Z"}
{"level":"info","message":"Mongoose version: 3.8.1","timestamp":"2015-01-30T14:12:06.790Z"}
{"level":"info","message":"Connected to Database. mongodb://localhost:27017/terapi","timestamp":"2015-01-30T14:12:06.791Z"}
{"level":"insert","message":"Account INS reyesdiego@hotmail.com, se envió mail a {\"attachments\":[],\"alternative\":{\"data\":\"<html><body><p>Ud. a solicitado un usario para ingresar a la página de Control de Información de Terminales portuarias. Para activar el mismo deberá hacer click al siguiente link http://terminales.puertobuenosaires.gob.ar:8080/unitTypes?key=74c0d5fed3c8b0ff0ca82ff7e5b51e16941b6909ca19c28cb78bca766013bdb9</p></body></html>\",\"alternative\":true,\"charset\":\"utf-8\",\"type\":\"text/html\",\"inline\":true},\"header\":{\"message-id\":\"<1422627158404.0.18455@UBUNTUSIS058>\",\"date\":\"Fri, 30 Jan 2015 11:12:38 -0300\",\"from\":\"=?UTF-8?Q?AGP?= <noreply@puertobuenosaires.gob.ar>\",\"to\":\"reyesdiego@hotmail.com\",\"bcc\":\"=?UTF-8?Q?AGP?= <noreply@puertobuenosaires.gob.ar>\",\"subject\":\"=?UTF-8?Q?Nuevo_Usuario?=\"},\"content\":\"text/plain; charset=utf-8\",\"text\":\"\"}","timestamp":"2015-01-30T14:12:38.661Z"}
{"level":"error","message":"Mongoose default connection disconnected","timestamp":"2015-01-30T14:49:29.043Z"}
{"level":"info","message":"Nodejs server Version: v0.10.29","timestamp":"2015-01-30T14:49:39.872Z"}
{"level":"info","message":"Running on http://localhost:8080","timestamp":"2015-01-30T14:49:39.874Z"}
{"level":"info","message":"Process Id (pid): 19303","timestamp":"2015-01-30T14:49:39.875Z"}
{"level":"info","message":"Mongoose version: 3.8.1","timestamp":"2015-01-30T14:49:40.037Z"}
{"level":"info","message":"Connected to Database. mongodb://localhost:27017/terapi","timestamp":"2015-01-30T14:49:40.037Z"}
{"level":"insert","message":"Account INS: reyesdiego@hotmail.com, se envió mail a {\"attachments\":[],\"alternative\":{\"data\":\"<html><body><p>Ud. a solicitado un usario para ingresar a la página de Control de Información de Terminales portuarias. Para activar el mismo deberá hacer click al siguiente link http://terminales.puertobuenosaires.gob.ar:8080/agp/token?salt=991112344dc818101b4375cb0efdbc131a2e53da9d07e3e63296d3eed2c88591</p></body></html>\",\"alternative\":true,\"charset\":\"utf-8\",\"type\":\"text/html\",\"inline\":true},\"header\":{\"message-id\":\"<1422629415396.0.19303@UBUNTUSIS058>\",\"date\":\"Fri, 30 Jan 2015 11:50:15 -0300\",\"from\":\"=?UTF-8?Q?AGP?= <noreply@puertobuenosaires.gob.ar>\",\"to\":\"reyesdiego@hotmail.com\",\"bcc\":\"=?UTF-8?Q?AGP?= <noreply@puertobuenosaires.gob.ar>\",\"subject\":\"=?UTF-8?Q?Nuevo_Usuario?=\"},\"content\":\"text/plain; charset=utf-8\",\"text\":\"\"}","timestamp":"2015-01-30T14:50:15.616Z"}
{"level":"error","message":"Mongoose default connection disconnected","timestamp":"2015-01-30T14:51:47.542Z"}
{"level":"info","message":"Nodejs server Version: v0.10.29","timestamp":"2015-01-30T14:52:08.425Z"}
{"level":"info","message":"Running on http://localhost:8080","timestamp":"2015-01-30T14:52:08.427Z"}
{"level":"info","message":"Process Id (pid): 19371","timestamp":"2015-01-30T14:52:08.428Z"}
{"level":"info","message":"Mongoose version: 3.8.1","timestamp":"2015-01-30T14:52:08.577Z"}
{"level":"info","message":"Connected to Database. mongodb://localhost:27017/terapi","timestamp":"2015-01-30T14:52:08.579Z"}
{"level":"insert","message":"Account INS: reyesdiego@hotmail.com, se envió mail a {\"attachments\":[],\"alternative\":{\"data\":\"<html><body><p>Ud. a solicitado un usario para ingresar a la página de Control de Información de Terminales portuarias. Para activar el mismo deberá hacer click al siguiente link http://terminales.puertobuenosaires.gob.ar:8080/agp/token?salt=dfa1b97cc59e3ef4bf351e7dc794812a89b05f067b0bc26babaf9910e7938925</p></body></html>\",\"alternative\":true,\"charset\":\"utf-8\",\"type\":\"text/html\",\"inline\":true},\"header\":{\"message-id\":\"<1422629636795.0.19371@UBUNTUSIS058>\",\"date\":\"Fri, 30 Jan 2015 11:53:56 -0300\",\"from\":\"=?UTF-8?Q?AGP?= <noreply@puertobuenosaires.gob.ar>\",\"to\":\"reyesdiego@hotmail.com\",\"bcc\":\"=?UTF-8?Q?AGP?= <noreply@puertobuenosaires.gob.ar>\",\"subject\":\"=?UTF-8?Q?Nuevo_Usuario?=\"},\"content\":\"text/plain; charset=utf-8\",\"text\":\"\"}","timestamp":"2015-01-30T14:53:57.012Z"}
{"level":"error","message":"Mongoose default connection disconnected","timestamp":"2015-01-30T14:55:38.403Z"}
{"level":"info","message":"Nodejs server Version: v0.10.29","timestamp":"2015-01-30T14:55:54.825Z"}
{"level":"info","message":"Running on http://localhost:8080","timestamp":"2015-01-30T14:55:54.827Z"}
{"level":"info","message":"Process Id (pid): 19519","timestamp":"2015-01-30T14:55:54.828Z"}
{"level":"info","message":"Mongoose version: 3.8.1","timestamp":"2015-01-30T14:55:55.270Z"}
{"level":"info","message":"Connected to Database. mongodb://localhost:27017/terapi","timestamp":"2015-01-30T14:55:55.271Z"}
{"level":"insert","message":"Account INS: reyesdiego@hotmail.com, se envió mail a {\"attachments\":[],\"alternative\":{\"data\":\"<html><body><p>Ud. a solicitado un usario para ingresar a la página de Control de Información de Terminales portuarias. Para activar el mismo deberá hacer click al siguiente link http://terminales.puertobuenosaires.gob.ar:8080/agp/token?salt=dfbde5ab2dbe514065e48f7245224bd346bd56aa866fc8afc4a8654ac9a80441</p></body></html>\",\"alternative\":true,\"charset\":\"utf-8\",\"type\":\"text/html\",\"inline\":true},\"header\":{\"message-id\":\"<1422629756823.0.19519@UBUNTUSIS058>\",\"date\":\"Fri, 30 Jan 2015 11:55:56 -0300\",\"from\":\"=?UTF-8?Q?AGP?= <noreply@puertobuenosaires.gob.ar>\",\"to\":\"reyesdiego@hotmail.com\",\"bcc\":\"=?UTF-8?Q?AGP?= <noreply@puertobuenosaires.gob.ar>\",\"subject\":\"=?UTF-8?Q?Nuevo_Usuario?=\"},\"content\":\"text/plain; charset=utf-8\",\"text\":\"\"}","timestamp":"2015-01-30T14:55:57.085Z"}
{"level":"info","message":"Caught exception: TypeError: Cannot read property 'email' of undefined","timestamp":"2015-01-30T14:57:25.260Z"}
{"level":"error","message":"Mongoose default connection disconnected","timestamp":"2015-01-30T14:58:22.014Z"}
{"level":"info","message":"Nodejs server Version: v0.10.29","timestamp":"2015-01-30T14:58:29.437Z"}
{"level":"info","message":"Running on http://localhost:8080","timestamp":"2015-01-30T14:58:29.439Z"}
{"level":"info","message":"Process Id (pid): 19620","timestamp":"2015-01-30T14:58:29.440Z"}
{"level":"info","message":"Mongoose version: 3.8.1","timestamp":"2015-01-30T14:58:29.473Z"}
{"level":"info","message":"Connected to Database. mongodb://localhost:27017/terapi","timestamp":"2015-01-30T14:58:29.474Z"}
{"level":"info","message":"Caught exception: TypeError: Cannot read property 'email' of undefined","timestamp":"2015-01-30T14:59:33.690Z"}
{"level":"insert","message":"Account INS: reyesdiego@hotmail.com, se envió mail a {\"attachments\":[],\"alternative\":{\"data\":\"<html><body><p>Ud. a solicitado un usario para ingresar a la página de Control de Información de Terminales portuarias. Para activar el mismo deberá hacer click al siguiente link http://terminales.puertobuenosaires.gob.ar:8080/agp/token?salt=c2f0c126d777c79febc4001257145d425c43452c048bc9ffbb2f0750c58d1651</p></body></html>\",\"alternative\":true,\"charset\":\"utf-8\",\"type\":\"text/html\",\"inline\":true},\"header\":{\"message-id\":\"<1422629975082.0.19620@UBUNTUSIS058>\",\"date\":\"Fri, 30 Jan 2015 11:59:35 -0300\",\"from\":\"=?UTF-8?Q?AGP?= <noreply@puertobuenosaires.gob.ar>\",\"to\":\"reyesdiego@hotmail.com\",\"bcc\":\"=?UTF-8?Q?AGP?= <noreply@puertobuenosaires.gob.ar>\",\"subject\":\"=?UTF-8?Q?Nuevo_Usuario?=\"},\"content\":\"text/plain; charset=utf-8\",\"text\":\"\"}","timestamp":"2015-01-30T14:59:35.270Z"}
{"level":"info","message":"Caught exception: TypeError: Cannot read property 'email' of undefined","timestamp":"2015-01-30T15:01:19.507Z"}
{"level":"error","message":"Mongoose default connection disconnected","timestamp":"2015-01-30T15:01:19.539Z"}
{"level":"info","message":"Nodejs server Version: v0.10.29","timestamp":"2015-01-30T15:01:26.960Z"}
{"level":"info","message":"Running on http://localhost:8080","timestamp":"2015-01-30T15:01:26.962Z"}
{"level":"info","message":"Process Id (pid): 19708","timestamp":"2015-01-30T15:01:26.963Z"}
{"level":"info","message":"Mongoose version: 3.8.1","timestamp":"2015-01-30T15:01:26.986Z"}
{"level":"info","message":"Connected to Database. mongodb://localhost:27017/terapi","timestamp":"2015-01-30T15:01:26.986Z"}
{"level":"error","message":"Mongoose default connection disconnected","timestamp":"2015-01-30T15:01:38.005Z"}
{"level":"info","message":"Nodejs server Version: v0.10.29","timestamp":"2015-01-30T15:01:44.586Z"}
{"level":"info","message":"Running on http://localhost:8080","timestamp":"2015-01-30T15:01:44.588Z"}
{"level":"info","message":"Process Id (pid): 19728","timestamp":"2015-01-30T15:01:44.588Z"}
{"level":"info","message":"Mongoose version: 3.8.1","timestamp":"2015-01-30T15:01:44.614Z"}
{"level":"info","message":"Connected to Database. mongodb://localhost:27017/terapi","timestamp":"2015-01-30T15:01:44.615Z"}
{"level":"info","message":"Caught exception: TypeError: Cannot set property 'token' of null","timestamp":"2015-01-30T15:01:55.295Z"}
{"level":"error","message":"Mongoose default connection disconnected","timestamp":"2015-01-30T15:02:54.115Z"}
{"level":"info","message":"Nodejs server Version: v0.10.29","timestamp":"2015-01-30T15:03:00.962Z"}
{"level":"info","message":"Running on http://localhost:8080","timestamp":"2015-01-30T15:03:00.964Z"}
{"level":"info","message":"Process Id (pid): 19774","timestamp":"2015-01-30T15:03:00.964Z"}
{"level":"info","message":"Mongoose version: 3.8.1","timestamp":"2015-01-30T15:03:00.992Z"}
{"level":"info","message":"Connected to Database. mongodb://localhost:27017/terapi","timestamp":"2015-01-30T15:03:00.993Z"}
{"level":"insert","message":"Account INS: reyesdiego@hotmail.com, se envió mail a {\"attachments\":[],\"alternative\":{\"data\":\"<html><body><p>Ud. a solicitado un usario para ingresar a la página de Control de Información de Terminales portuarias. Para activar el mismo deberá hacer click al siguiente link http://terminales.puertobuenosaires.gob.ar:8080/agp/token?salt=4d67ad4271acadfc33b9a70b7a51432c151c632bdcf4f4f3df0a09c2d33a0518</p></body></html>\",\"alternative\":true,\"charset\":\"utf-8\",\"type\":\"text/html\",\"inline\":true},\"header\":{\"message-id\":\"<1422630211157.0.19774@UBUNTUSIS058>\",\"date\":\"Fri, 30 Jan 2015 12:03:31 -0300\",\"from\":\"=?UTF-8?Q?AGP?= <noreply@puertobuenosaires.gob.ar>\",\"to\":\"reyesdiego@hotmail.com\",\"bcc\":\"=?UTF-8?Q?AGP?= <noreply@puertobuenosaires.gob.ar>\",\"subject\":\"=?UTF-8?Q?Nuevo_Usuario?=\"},\"content\":\"text/plain; charset=utf-8\",\"text\":\"\"}","timestamp":"2015-01-30T15:03:31.312Z"}
{"level":"info","message":"Caught exception: TypeError: Cannot set property 'token' of null","timestamp":"2015-01-30T15:04:06.475Z"}
{"level":"info","message":"Caught exception: TypeError: Cannot set property 'token' of null","timestamp":"2015-01-30T15:04:57.636Z"}
{"level":"info","message":"Caught exception: TypeError: Cannot set property 'token' of null","timestamp":"2015-01-30T15:05:21.298Z"}
{"level":"info","message":"Caught exception: TypeError: Cannot set property 'token' of null","timestamp":"2015-01-30T15:06:16.931Z"}
{"level":"error","message":"Mongoose default connection disconnected","timestamp":"2015-01-30T15:06:16.977Z"}
{"level":"info","message":"Nodejs server Version: v0.10.29","timestamp":"2015-01-30T15:06:23.897Z"}
{"level":"info","message":"Running on http://localhost:8080","timestamp":"2015-01-30T15:06:23.899Z"}
{"level":"info","message":"Process Id (pid): 19856","timestamp":"2015-01-30T15:06:23.900Z"}
{"level":"info","message":"Mongoose version: 3.8.1","timestamp":"2015-01-30T15:06:23.934Z"}
{"level":"info","message":"Connected to Database. mongodb://localhost:27017/terapi","timestamp":"2015-01-30T15:06:23.934Z"}
{"level":"insert","message":"Account INS: reyesdiego@hotmail.com, se envió mail a {\"attachments\":[],\"alternative\":{\"data\":\"<html><body><p>Ud. a solicitado un usario para ingresar a la página de Control de Información de Terminales portuarias. Para activar el mismo deberá hacer click al siguiente link http://terminales.puertobuenosaires.gob.ar:8080/agp/token?salt=dbf27a9f40973e61f9dcc1d79652597b7caa40fd79acc6108e8324205343cd1a</p></body></html>\",\"alternative\":true,\"charset\":\"utf-8\",\"type\":\"text/html\",\"inline\":true},\"header\":{\"message-id\":\"<1422630417796.0.19856@UBUNTUSIS058>\",\"date\":\"Fri, 30 Jan 2015 12:06:57 -0300\",\"from\":\"=?UTF-8?Q?AGP?= <noreply@puertobuenosaires.gob.ar>\",\"to\":\"reyesdiego@hotmail.com\",\"bcc\":\"=?UTF-8?Q?AGP?= <noreply@puertobuenosaires.gob.ar>\",\"subject\":\"=?UTF-8?Q?Nuevo_Usuario?=\"},\"content\":\"text/plain; charset=utf-8\",\"text\":\"\"}","timestamp":"2015-01-30T15:06:58.109Z"}
{"level":"error","message":"Mongoose default connection disconnected","timestamp":"2015-01-30T15:22:26.529Z"}
{"level":"info","message":"Nodejs server Version: v0.10.29","timestamp":"2015-01-30T15:22:37.548Z"}
{"level":"info","message":"Running on http://localhost:8080","timestamp":"2015-01-30T15:22:37.549Z"}
{"level":"info","message":"Process Id (pid): 20236","timestamp":"2015-01-30T15:22:37.550Z"}
{"level":"info","message":"Mongoose version: 3.8.1","timestamp":"2015-01-30T15:22:38.074Z"}
{"level":"info","message":"Connected to Database. mongodb://localhost:27017/terapi","timestamp":"2015-01-30T15:22:38.074Z"}
{"level":"insert","message":"Account INS: reyesdiego@hotmail.com, se envió mail a {\"attachments\":[],\"alternative\":{\"data\":\"<html><body><p>Ud. a solicitado un usario para ingresar a la página de Control de Información de Terminales portuarias. Para activar el mismo deberá hacer click al siguiente link http://terminales.puertobuenosaires.gob.ar:8080/agp/token?salt=fb78a3d27fcdb504c3e10efc4e0002b1d135e4224ec173643639ccbba87437e3</p></body></html>\",\"alternative\":true,\"charset\":\"utf-8\",\"type\":\"text/html\",\"inline\":true},\"header\":{\"message-id\":\"<1422631391742.0.20236@UBUNTUSIS058>\",\"date\":\"Fri, 30 Jan 2015 12:23:11 -0300\",\"from\":\"=?UTF-8?Q?AGP?= <noreply@puertobuenosaires.gob.ar>\",\"to\":\"reyesdiego@hotmail.com\",\"bcc\":\"=?UTF-8?Q?AGP?= <noreply@puertobuenosaires.gob.ar>\",\"subject\":\"=?UTF-8?Q?Nuevo_Usuario?=\"},\"content\":\"text/plain; charset=utf-8\",\"text\":\"\"}","timestamp":"2015-01-30T15:23:11.925Z"}
{"level":"info","message":"User 'reyes-d' has logged in From: 127.0.0.1","timestamp":"2015-01-30T15:25:31.275Z"}
{"level":"info","message":"Socket Client Connected: vP4NYwVPAi0EH6pob8O1.","timestamp":"2015-01-30T15:27:03.667Z"}
{"level":"info","message":"User 'agp' has logged in From: 10.10.0.182","timestamp":"2015-01-30T17:52:39.052Z"}
{"level":"insert","message":"Account INS: akolesnikov@puertobuenosaires.gob.ar, se envió mail a {\"attachments\":[],\"alternative\":{\"data\":\"<html><body><p>Ud. a solicitado un usario para ingresar a la página de Control de Información de Terminales portuarias. Para activar el mismo deberá hacer click al siguiente link http://terminales.puertobuenosaires.gob.ar:8080/agp/token?salt=82992b972774e2affdcc66594955f04893f517263cda2aa2c01a235757ffff81</p></body></html>\",\"alternative\":true,\"charset\":\"utf-8\",\"type\":\"text/html\",\"inline\":true},\"header\":{\"message-id\":\"<1422640469514.1.20236@UBUNTUSIS058>\",\"date\":\"Fri, 30 Jan 2015 14:54:29 -0300\",\"from\":\"=?UTF-8?Q?AGP?= <noreply@puertobuenosaires.gob.ar>\",\"to\":\"akolesnikov@puertobuenosaires.gob.ar\",\"bcc\":\"=?UTF-8?Q?AGP?= <noreply@puertobuenosaires.gob.ar>\",\"subject\":\"=?UTF-8?Q?Nuevo_Usuario?=\"},\"content\":\"text/plain; charset=utf-8\",\"text\":\"\"}","timestamp":"2015-01-30T17:54:29.763Z"}
{"level":"info","message":"User 'kolesnikov-a' has logged in From: 10.10.0.182","timestamp":"2015-01-30T17:55:59.409Z"}
{"error":"Token decoding error.Not enough or too many segments","level":"error","message":"Error: %s","timestamp":"2015-01-30T17:57:12.131Z"}
{"error":"Issue decoding incoming token.","level":"error","message":"Error: %s","timestamp":"2015-01-30T17:57:12.132Z"}
{"level":"error","message":"undefined","timestamp":"2015-01-30T17:57:12.187Z"}
{"level":"error","message":"undefined","timestamp":"2015-01-30T17:57:12.188Z"}
{"level":"error","message":"undefined","timestamp":"2015-01-30T17:57:12.189Z"}
{"level":"error","message":"undefined","timestamp":"2015-01-30T17:57:12.190Z"}
{"level":"error","message":"undefined","timestamp":"2015-01-30T17:57:12.191Z"}
{"level":"error","message":"undefined","timestamp":"2015-01-30T17:57:12.191Z"}
{"level":"error","message":"undefined","timestamp":"2015-01-30T17:57:12.193Z"}
{"level":"error","message":"undefined","timestamp":"2015-01-30T17:57:12.193Z"}
{"level":"error","message":"undefined","timestamp":"2015-01-30T17:57:12.194Z"}
{"level":"error","message":"undefined","timestamp":"2015-01-30T17:57:12.195Z"}
{"error":"Token decoding error.Not enough or too many segments","level":"error","message":"Error: %s","timestamp":"2015-01-30T17:57:12.196Z"}
{"error":"Issue decoding incoming token.","level":"error","message":"Error: %s","timestamp":"2015-01-30T17:57:12.196Z"}
{"error":"Token decoding error.Not enough or too many segments","level":"error","message":"Error: %s","timestamp":"2015-01-30T17:57:12.831Z"}
{"error":"Issue decoding incoming token.","level":"error","message":"Error: %s","timestamp":"2015-01-30T17:57:12.832Z"}
{"level":"info","message":"User 'kolesnikov-a' has logged in From: 10.10.0.182","timestamp":"2015-01-30T17:57:33.667Z"}
{"level":"info","message":"User 'agp' has logged in From: 10.10.0.182","timestamp":"2015-01-30T17:58:36.752Z"}
{"level":"info","message":"User 'kolesnikov-a' has logged in From: 10.10.0.182","timestamp":"2015-01-30T17:58:48.199Z"}
{"level":"insert","message":"Account INS: akolesnikov@puertobuenosaires.gob.ar, se envió mail a {\"attachments\":[],\"alternative\":{\"data\":\"<html><body><p>Ud. a solicitado un usario para ingresar a la página de Control de Información de Terminales portuarias. Para activar el mismo deberá hacer click al siguiente link http://terminales.puertobuenosaires.gob.ar:8080/agp/token?salt=35a30094dabb7f981c52f14472add5932418f714a88d430f51a485cbe6b02436</p></body></html>\",\"alternative\":true,\"charset\":\"utf-8\",\"type\":\"text/html\",\"inline\":true},\"header\":{\"message-id\":\"<1422642346894.2.20236@UBUNTUSIS058>\",\"date\":\"Fri, 30 Jan 2015 15:25:46 -0300\",\"from\":\"=?UTF-8?Q?AGP?= <noreply@puertobuenosaires.gob.ar>\",\"to\":\"akolesnikov@puertobuenosaires.gob.ar\",\"bcc\":\"=?UTF-8?Q?AGP?= <noreply@puertobuenosaires.gob.ar>\",\"subject\":\"=?UTF-8?Q?Nuevo_Usuario?=\"},\"content\":\"text/plain; charset=utf-8\",\"text\":\"\"}","timestamp":"2015-01-30T18:25:47.070Z"}
{"level":"info","message":"Caught exception: TypeError: Cannot read property 'email' of undefined","timestamp":"2015-01-30T18:26:34.903Z"}
{"level":"info","message":"User 'kolesnikov-a' has logged in From: 10.10.0.182","timestamp":"2015-01-30T18:27:20.954Z"}
{"level":"info","message":"Caught exception: TypeError: Cannot read property 'email' of undefined","timestamp":"2015-01-30T18:28:34.836Z"}
{"level":"info","message":"Caught exception: TypeError: Cannot read property 'email' of undefined","timestamp":"2015-01-30T18:30:34.858Z"}
{"level":"error","message":"Mongoose default connection disconnected","timestamp":"2015-01-30T18:32:07.693Z"}
{"level":"info","message":"Nodejs server Version: v0.10.29","timestamp":"2015-01-30T18:35:39.124Z"}
{"level":"info","message":"Running on http://localhost:8080","timestamp":"2015-01-30T18:35:39.127Z"}
{"level":"info","message":"Process Id (pid): 24063","timestamp":"2015-01-30T18:35:39.127Z"}
{"level":"info","message":"Mongoose version: 3.8.1","timestamp":"2015-01-30T18:35:39.357Z"}
{"level":"info","message":"Connected to Database. mongodb://localhost:27017/terapi","timestamp":"2015-01-30T18:35:39.358Z"}
{"level":"error","message":"Mongoose default connection disconnected","timestamp":"2015-01-30T18:45:42.238Z"}
{"level":"info","message":"Nodejs server Version: v0.10.29","timestamp":"2015-01-30T19:10:11.590Z"}
{"level":"info","message":"Running on http://localhost:8080","timestamp":"2015-01-30T19:10:11.592Z"}
{"level":"info","message":"Process Id (pid): 25225","timestamp":"2015-01-30T19:10:11.593Z"}
{"level":"info","message":"Mongoose version: 3.8.1","timestamp":"2015-01-30T19:10:12.140Z"}
{"level":"info","message":"Connected to Database. mongodb://localhost:27017/terapi","timestamp":"2015-01-30T19:10:12.140Z"}
{"level":"error","message":"Mongoose default connection disconnected","timestamp":"2015-01-30T19:11:57.303Z"}
{"level":"info","message":"Nodejs server Version: v0.10.29","timestamp":"2015-01-30T19:12:16.190Z"}
{"level":"info","message":"Running on http://localhost:8080","timestamp":"2015-01-30T19:12:16.192Z"}
{"level":"info","message":"Process Id (pid): 25319","timestamp":"2015-01-30T19:12:16.193Z"}
{"level":"info","message":"Mongoose version: 3.8.1","timestamp":"2015-01-30T19:12:16.229Z"}
{"level":"info","message":"Connected to Database. mongodb://localhost:27017/terapi","timestamp":"2015-01-30T19:12:16.229Z"}
{"level":"error","message":"Mongoose default connection disconnected","timestamp":"2015-01-30T19:21:05.038Z"}
{"level":"info","message":"Nodejs server Version: v0.10.29","timestamp":"2015-01-30T19:21:39.165Z"}
{"level":"info","message":"Running on http://localhost:8080","timestamp":"2015-01-30T19:21:39.168Z"}
{"level":"info","message":"Process Id (pid): 25596","timestamp":"2015-01-30T19:21:39.169Z"}
{"level":"info","message":"Mongoose version: 3.8.1","timestamp":"2015-01-30T19:21:39.438Z"}
{"level":"info","message":"Connected to Database. mongodb://localhost:27017/terapi","timestamp":"2015-01-30T19:21:39.438Z"}
{"level":"error","message":"Mongoose default connection disconnected","timestamp":"2015-01-30T19:36:56.321Z"}
{"level":"info","message":"Nodejs server Version: v0.10.29","timestamp":"2015-01-30T19:37:26.242Z"}
{"level":"info","message":"Running on http://localhost:8080","timestamp":"2015-01-30T19:37:26.244Z"}
{"level":"info","message":"Process Id (pid): 25975","timestamp":"2015-01-30T19:37:26.246Z"}
{"level":"info","message":"Mongoose version: 3.8.1","timestamp":"2015-01-30T19:37:26.668Z"}
{"level":"info","message":"Connected to Database. mongodb://localhost:27017/terapi","timestamp":"2015-01-30T19:37:26.668Z"}
{"level":"error","message":"Mongoose default connection disconnected","timestamp":"2015-01-30T19:43:30.730Z"}
{"level":"info","message":"Nodejs server Version: v0.10.29","timestamp":"2015-02-02T12:51:27.169Z"}
{"level":"info","message":"Running on http://localhost:8080","timestamp":"2015-02-02T12:51:27.171Z"}
{"level":"info","message":"Process Id (pid): 4062","timestamp":"2015-02-02T12:51:27.171Z"}
{"level":"info","message":"Mongoose version: 3.8.1","timestamp":"2015-02-02T12:51:27.229Z"}
{"level":"info","message":"Connected to Database. mongodb://localhost:27017/terapi","timestamp":"2015-02-02T12:51:27.229Z"}
{"level":"info","message":"User 'agp' has logged in From: 10.10.0.182","timestamp":"2015-02-02T14:06:20.926Z"}
{"level":"error","message":"Mongoose default connection disconnected","timestamp":"2015-02-02T14:33:30.921Z"}
{"level":"info","message":"Nodejs server Version: v0.10.29","timestamp":"2015-02-02T14:33:48.727Z"}
{"level":"info","message":"Running on http://localhost:8080","timestamp":"2015-02-02T14:33:48.729Z"}
{"level":"info","message":"Process Id (pid): 6347","timestamp":"2015-02-02T14:33:48.730Z"}
{"level":"info","message":"Mongoose version: 3.8.1","timestamp":"2015-02-02T14:33:48.964Z"}
{"level":"info","message":"Connected to Database. mongodb://localhost:27017/terapi","timestamp":"2015-02-02T14:33:48.964Z"}
{"level":"insert","message":"Account INS: reyesdiego@hotmail.com, se envió mail a {\"attachments\":[],\"alternative\":{\"data\":\"<html><body><p>Ud. a solicitado un usario para ingresar a la página de Control de Información de Terminales portuarias. Para activar el mismo deberá hacer click al siguiente link http://terminales.puertobuenosaires.gob.ar:8080/agp/token?salt=a81c969e6e37c4533465f798e7cc7e9654ecd860cc591c7777a3007a586ed23f</p></body></html>\",\"alternative\":true,\"charset\":\"utf-8\",\"type\":\"text/html\",\"inline\":true},\"header\":{\"message-id\":\"<1422887929808.0.6347@UBUNTUSIS058>\",\"date\":\"Mon, 02 Feb 2015 11:38:49 -0300\",\"from\":\"=?UTF-8?Q?AGP?= <noreply@puertobuenosaires.gob.ar>\",\"to\":\"reyesdiego@hotmail.com\",\"bcc\":\"=?UTF-8?Q?AGP?= <noreply@puertobuenosaires.gob.ar>\",\"subject\":\"=?UTF-8?Q?Nuevo_Usuario?=\"},\"content\":\"text/plain; charset=utf-8\",\"text\":\"\"}","timestamp":"2015-02-02T14:38:50.086Z"}
{"level":"error","message":"Mongoose default connection disconnected","timestamp":"2015-02-02T14:46:32.987Z"}
{"level":"info","message":"Nodejs server Version: v0.10.29","timestamp":"2015-02-02T14:46:41.909Z"}
{"level":"info","message":"Running on http://localhost:8080","timestamp":"2015-02-02T14:46:41.910Z"}
{"level":"info","message":"Process Id (pid): 6673","timestamp":"2015-02-02T14:46:41.911Z"}
{"level":"info","message":"Mongoose version: 3.8.1","timestamp":"2015-02-02T14:46:41.998Z"}
{"level":"info","message":"Connected to Database. mongodb://localhost:27017/terapi","timestamp":"2015-02-02T14:46:41.998Z"}
{"level":"insert","message":"Account INS: reyesdiego@hotmail.com, se envió mail a {\"attachments\":[],\"alternative\":{\"data\":\"<html><body><p>Ud. a solicitado un usario para ingresar a la página de Control de Información de Terminales portuarias. Para activar el mismo deberá hacer click al siguiente link <a href=\\\"http://terminales.puertobuenosaires.gob.ar:8080/agp/token?salt=d9070091a4add8c539594a15897f07c34be8882b3d58841ac3153f1d1f835f9b\\\">http://terminales.puertobuenosaires.gob.ar:8080/agp/token?salt=d9070091a4add8c539594a15897f07c34be8882b3d58841ac3153f1d1f835f9b</a></p></body></html>\",\"alternative\":true,\"charset\":\"utf-8\",\"type\":\"text/html\",\"inline\":true},\"header\":{\"message-id\":\"<1422888448792.0.6673@UBUNTUSIS058>\",\"date\":\"Mon, 02 Feb 2015 11:47:28 -0300\",\"from\":\"=?UTF-8?Q?AGP?= <noreply@puertobuenosaires.gob.ar>\",\"to\":\"reyesdiego@hotmail.com\",\"bcc\":\"=?UTF-8?Q?AGP?= <noreply@puertobuenosaires.gob.ar>\",\"subject\":\"=?UTF-8?Q?Nuevo_Usuario?=\"},\"content\":\"text/plain; charset=utf-8\",\"text\":\"\"}","timestamp":"2015-02-02T14:47:29.039Z"}
{"level":"error","message":"Mongoose default connection disconnected","timestamp":"2015-02-02T14:50:26.058Z"}
{"level":"info","message":"Nodejs server Version: v0.10.29","timestamp":"2015-02-02T14:50:33.337Z"}
{"level":"info","message":"Running on http://localhost:8080","timestamp":"2015-02-02T14:50:33.339Z"}
{"level":"info","message":"Process Id (pid): 6830","timestamp":"2015-02-02T14:50:33.340Z"}
{"level":"info","message":"Mongoose version: 3.8.1","timestamp":"2015-02-02T14:50:33.364Z"}
{"level":"info","message":"Connected to Database. mongodb://localhost:27017/terapi","timestamp":"2015-02-02T14:50:33.364Z"}
{"level":"error","message":"Mongoose default connection disconnected","timestamp":"2015-02-02T14:53:54.612Z"}
{"level":"info","message":"Nodejs server Version: v0.10.29","timestamp":"2015-02-02T14:54:02.001Z"}
{"level":"info","message":"Running on http://localhost:8080","timestamp":"2015-02-02T14:54:02.004Z"}
{"level":"info","message":"Process Id (pid): 6899","timestamp":"2015-02-02T14:54:02.004Z"}
{"level":"info","message":"Mongoose version: 3.8.1","timestamp":"2015-02-02T14:54:02.031Z"}
{"level":"info","message":"Connected to Database. mongodb://localhost:27017/terapi","timestamp":"2015-02-02T14:54:02.031Z"}
{"level":"info","message":"Caught exception: ReferenceError: account is not defined","timestamp":"2015-02-02T14:54:32.773Z"}
{"level":"insert","message":"Account UPD: reyesdiego@hotmail.com, se envío el cambio de clave correctamente.","timestamp":"2015-02-02T14:54:33.260Z"}
{"level":"error","message":"Mongoose default connection disconnected","timestamp":"2015-02-02T15:00:32.268Z"}
{"level":"info","message":"Nodejs server Version: v0.10.29","timestamp":"2015-02-02T15:00:44.199Z"}
{"level":"info","message":"Running on http://localhost:8080","timestamp":"2015-02-02T15:00:44.201Z"}
{"level":"info","message":"Process Id (pid): 7046","timestamp":"2015-02-02T15:00:44.202Z"}
{"level":"info","message":"Mongoose version: 3.8.1","timestamp":"2015-02-02T15:00:44.379Z"}
{"level":"info","message":"Connected to Database. mongodb://localhost:27017/terapi","timestamp":"2015-02-02T15:00:44.380Z"}
{"level":"error","message":"Mongoose default connection disconnected","timestamp":"2015-02-02T15:01:04.241Z"}
{"level":"info","message":"Nodejs server Version: v0.10.29","timestamp":"2015-02-02T15:01:10.800Z"}
{"level":"info","message":"Running on http://localhost:8080","timestamp":"2015-02-02T15:01:10.802Z"}
{"level":"info","message":"Process Id (pid): 7067","timestamp":"2015-02-02T15:01:10.803Z"}
{"level":"info","message":"Mongoose version: 3.8.1","timestamp":"2015-02-02T15:01:10.829Z"}
{"level":"info","message":"Connected to Database. mongodb://localhost:27017/terapi","timestamp":"2015-02-02T15:01:10.830Z"}
{"level":"insert","message":"Account INS: reyesdiego@hotmail.com, se envió mail a {\"attachments\":[],\"alternative\":{\"data\":\"<html><body><p>Ud. a solicitado un usario para ingresar a la página de Control de Información de Terminales portuarias. Para activar el mismo deberá hacer click al siguiente link <a href=\\\"http://terminales.puertobuenosaires.gob.ar:8080/agp/token?salt=7962be183f94b3de69ab48cdc7f6c2da0ae0343893049a5602f9d2e0c64f9b17\\\">http://terminales.puertobuenosaires.gob.ar:8080/agp/token?salt=7962be183f94b3de69ab48cdc7f6c2da0ae0343893049a5602f9d2e0c64f9b17</a></p></body></html>\",\"alternative\":true,\"charset\":\"utf-8\",\"type\":\"text/html\",\"inline\":true},\"header\":{\"message-id\":\"<1422889312204.0.7067@UBUNTUSIS058>\",\"date\":\"Mon, 02 Feb 2015 12:01:52 -0300\",\"from\":\"=?UTF-8?Q?AGP?= <noreply@puertobuenosaires.gob.ar>\",\"to\":\"reyesdiego@hotmail.com\",\"bcc\":\"=?UTF-8?Q?AGP?= <noreply@puertobuenosaires.gob.ar>\",\"subject\":\"=?UTF-8?Q?Nuevo_Usuario?=\"},\"content\":\"text/plain; charset=utf-8\",\"text\":\"\"}","timestamp":"2015-02-02T15:01:52.469Z"}
{"level":"insert","message":"Account UPD: reyesdiego@hotmail.com, se envío el cambio de clave correctamente.","timestamp":"2015-02-02T15:39:30.810Z"}
{"level":"insert","message":"Account UPD: reyesdiego@hotmail.com, se envío el cambio de clave correctamente.","timestamp":"2015-02-02T15:40:41.168Z"}
{"level":"error","message":"Mongoose default connection disconnected","timestamp":"2015-02-02T15:50:14.975Z"}
{"level":"info","message":"Nodejs server Version: v0.10.29","timestamp":"2015-02-02T15:50:31.938Z"}
{"level":"info","message":"Running on http://localhost:8080","timestamp":"2015-02-02T15:50:31.940Z"}
{"level":"info","message":"Process Id (pid): 8430","timestamp":"2015-02-02T15:50:31.940Z"}
{"level":"info","message":"Mongoose version: 3.8.1","timestamp":"2015-02-02T15:50:32.058Z"}
{"level":"info","message":"Connected to Database. mongodb://localhost:27017/terapi","timestamp":"2015-02-02T15:50:32.059Z"}
{"level":"error","message":"Mongoose default connection disconnected","timestamp":"2015-02-02T16:01:47.726Z"}
{"level":"info","message":"Nodejs server Version: v0.10.29","timestamp":"2015-02-02T17:10:40.153Z"}
{"level":"info","message":"Running on http://localhost:8080","timestamp":"2015-02-02T17:10:40.155Z"}
{"level":"info","message":"Process Id (pid): 4528","timestamp":"2015-02-02T17:10:40.155Z"}
{"level":"info","message":"Mongoose version: 3.8.1","timestamp":"2015-02-02T17:10:40.260Z"}
{"level":"info","message":"Connected to Database. mongodb://localhost:27017/terapi","timestamp":"2015-02-02T17:10:40.261Z"}
{"level":"error","message":"Mongoose default connection disconnected","timestamp":"2015-02-02T17:16:25.723Z"}
{"level":"info","message":"Nodejs server Version: v0.10.29","timestamp":"2015-02-02T17:28:14.215Z"}
{"level":"info","message":"Running on http://localhost:8080","timestamp":"2015-02-02T17:28:14.217Z"}
{"level":"info","message":"Process Id (pid): 5062","timestamp":"2015-02-02T17:28:14.217Z"}
{"level":"info","message":"Mongoose version: 3.8.1","timestamp":"2015-02-02T17:28:14.358Z"}
{"level":"info","message":"Connected to Database. mongodb://localhost:27017/terapi","timestamp":"2015-02-02T17:28:14.359Z"}
{"level":"error","message":"Mongoose default connection disconnected","timestamp":"2015-02-02T17:28:54.292Z"}
{"level":"info","message":"Nodejs server Version: v0.10.29","timestamp":"2015-02-02T17:29:03.041Z"}
{"level":"info","message":"Running on http://localhost:8080","timestamp":"2015-02-02T17:29:03.045Z"}
{"level":"info","message":"Process Id (pid): 5094","timestamp":"2015-02-02T17:29:03.045Z"}
{"level":"info","message":"Mongoose version: 3.8.1","timestamp":"2015-02-02T17:29:03.095Z"}
{"level":"info","message":"Connected to Database. mongodb://localhost:27017/terapi","timestamp":"2015-02-02T17:29:03.095Z"}
{"level":"error","message":"Mongoose default connection disconnected","timestamp":"2015-02-02T17:29:47.296Z"}
{"level":"info","message":"Nodejs server Version: v0.10.29","timestamp":"2015-02-02T17:29:54.198Z"}
{"level":"info","message":"Running on http://localhost:8080","timestamp":"2015-02-02T17:29:54.200Z"}
{"level":"info","message":"Process Id (pid): 5115","timestamp":"2015-02-02T17:29:54.201Z"}
{"level":"info","message":"Mongoose version: 3.8.1","timestamp":"2015-02-02T17:29:54.237Z"}
{"level":"info","message":"Connected to Database. mongodb://localhost:27017/terapi","timestamp":"2015-02-02T17:29:54.238Z"}
{"level":"error","message":"Mongoose default connection disconnected","timestamp":"2015-02-02T17:31:00.296Z"}
{"level":"info","message":"Nodejs server Version: v0.10.29","timestamp":"2015-02-02T17:31:07.086Z"}
{"level":"info","message":"Running on http://localhost:8080","timestamp":"2015-02-02T17:31:07.088Z"}
{"level":"info","message":"Process Id (pid): 5150","timestamp":"2015-02-02T17:31:07.088Z"}
{"level":"info","message":"Mongoose version: 3.8.1","timestamp":"2015-02-02T17:31:07.126Z"}
{"level":"info","message":"Connected to Database. mongodb://localhost:27017/terapi","timestamp":"2015-02-02T17:31:07.127Z"}
{"level":"error","message":"Mongoose default connection disconnected","timestamp":"2015-02-02T17:31:31.338Z"}
{"level":"info","message":"Nodejs server Version: v0.10.29","timestamp":"2015-02-02T17:31:40.609Z"}
{"level":"info","message":"Running on http://localhost:8080","timestamp":"2015-02-02T17:31:40.611Z"}
{"level":"info","message":"Process Id (pid): 5172","timestamp":"2015-02-02T17:31:40.612Z"}
{"level":"info","message":"Mongoose version: 3.8.1","timestamp":"2015-02-02T17:31:40.639Z"}
{"level":"info","message":"Connected to Database. mongodb://localhost:27017/terapi","timestamp":"2015-02-02T17:31:40.640Z"}
{"level":"error","message":"Mongoose default connection disconnected","timestamp":"2015-02-02T17:32:35.693Z"}
{"level":"info","message":"Nodejs server Version: v0.10.29","timestamp":"2015-02-02T17:32:42.982Z"}
{"level":"info","message":"Running on http://localhost:8080","timestamp":"2015-02-02T17:32:42.984Z"}
{"level":"info","message":"Process Id (pid): 5213","timestamp":"2015-02-02T17:32:42.984Z"}
{"level":"info","message":"Mongoose version: 3.8.1","timestamp":"2015-02-02T17:32:43.018Z"}
{"level":"info","message":"Connected to Database. mongodb://localhost:27017/terapi","timestamp":"2015-02-02T17:32:43.018Z"}
{"level":"error","message":"Mongoose default connection disconnected","timestamp":"2015-02-02T17:37:39.447Z"}
{"level":"info","message":"Nodejs server Version: v0.10.29","timestamp":"2015-02-02T17:37:46.399Z"}
{"level":"info","message":"Running on http://localhost:8080","timestamp":"2015-02-02T17:37:46.401Z"}
{"level":"info","message":"Process Id (pid): 5431","timestamp":"2015-02-02T17:37:46.401Z"}
{"level":"info","message":"Mongoose version: 3.8.1","timestamp":"2015-02-02T17:37:46.440Z"}
{"level":"info","message":"Connected to Database. mongodb://localhost:27017/terapi","timestamp":"2015-02-02T17:37:46.440Z"}
{"level":"error","message":"Mongoose default connection disconnected","timestamp":"2015-02-02T17:39:30.189Z"}
{"level":"info","message":"Nodejs server Version: v0.10.29","timestamp":"2015-02-02T17:39:40.710Z"}
{"level":"info","message":"Running on http://localhost:8080","timestamp":"2015-02-02T17:39:40.712Z"}
{"level":"info","message":"Process Id (pid): 5466","timestamp":"2015-02-02T17:39:40.713Z"}
{"level":"info","message":"Mongoose version: 3.8.1","timestamp":"2015-02-02T17:39:40.738Z"}
{"level":"info","message":"Connected to Database. mongodb://localhost:27017/terapi","timestamp":"2015-02-02T17:39:40.738Z"}
{"level":"error","message":"Mongoose default connection disconnected","timestamp":"2015-02-02T17:40:51.990Z"}
{"level":"info","message":"Nodejs server Version: v0.10.29","timestamp":"2015-02-02T17:40:58.392Z"}
{"level":"info","message":"Running on http://localhost:8080","timestamp":"2015-02-02T17:40:58.394Z"}
{"level":"info","message":"Process Id (pid): 5498","timestamp":"2015-02-02T17:40:58.394Z"}
{"level":"info","message":"Mongoose version: 3.8.1","timestamp":"2015-02-02T17:40:58.419Z"}
{"level":"info","message":"Connected to Database. mongodb://localhost:27017/terapi","timestamp":"2015-02-02T17:40:58.419Z"}
{"level":"insert","message":"Account UPD: reyesdiego@hotmail.com, se envío el cambio de clave correctamente.","timestamp":"2015-02-02T17:41:03.992Z"}
{"level":"error","message":"Mongoose default connection disconnected","timestamp":"2015-02-02T17:42:50.684Z"}
{"level":"info","message":"Nodejs server Version: v0.10.29","timestamp":"2015-02-02T17:42:57.064Z"}
{"level":"info","message":"Running on http://localhost:8080","timestamp":"2015-02-02T17:42:57.066Z"}
{"level":"info","message":"Process Id (pid): 5558","timestamp":"2015-02-02T17:42:57.067Z"}
{"level":"info","message":"Mongoose version: 3.8.1","timestamp":"2015-02-02T17:42:57.100Z"}
{"level":"info","message":"Connected to Database. mongodb://localhost:27017/terapi","timestamp":"2015-02-02T17:42:57.101Z"}
{"level":"insert","message":"Account UPD: reyesdiego@hotmail.com, se envío el cambio de clave correctamente.","timestamp":"2015-02-02T17:43:04.561Z"}
{"level":"insert","message":"Account UPD: reyesdiego@hotmail.com, se envío el cambio de clave correctamente.","timestamp":"2015-02-02T18:37:41.578Z"}
{"level":"error","message":"Mongoose default connection disconnected","timestamp":"2015-02-02T18:46:20.768Z"}
{"level":"info","message":"Nodejs server Version: v0.10.29","timestamp":"2015-02-02T18:46:33.263Z"}
{"level":"info","message":"Running on http://localhost:8080","timestamp":"2015-02-02T18:46:33.265Z"}
{"level":"info","message":"Process Id (pid): 7071","timestamp":"2015-02-02T18:46:33.265Z"}
{"level":"info","message":"Mongoose version: 3.8.1","timestamp":"2015-02-02T18:46:33.484Z"}
{"level":"info","message":"Connected to Database. mongodb://localhost:27017/terapi","timestamp":"2015-02-02T18:46:33.485Z"}
{"level":"error","message":"Mongoose default connection disconnected","timestamp":"2015-02-02T19:13:22.925Z"}
{"level":"info","message":"Nodejs server Version: v0.10.29","timestamp":"2015-02-02T19:13:33.355Z"}
{"level":"info","message":"Running on http://localhost:8080","timestamp":"2015-02-02T19:13:33.357Z"}
{"level":"info","message":"Process Id (pid): 7666","timestamp":"2015-02-02T19:13:33.357Z"}
{"level":"info","message":"Mongoose version: 3.8.1","timestamp":"2015-02-02T19:13:33.396Z"}
{"level":"info","message":"Connected to Database. mongodb://localhost:27017/terapi","timestamp":"2015-02-02T19:13:33.397Z"}
{"level":"error","message":"Mongoose default connection disconnected","timestamp":"2015-02-02T19:15:04.488Z"}
{"level":"info","message":"Nodejs server Version: v0.10.29","timestamp":"2015-02-02T19:15:11.107Z"}
{"level":"info","message":"Running on http://localhost:8080","timestamp":"2015-02-02T19:15:11.109Z"}
{"level":"info","message":"Process Id (pid): 7708","timestamp":"2015-02-02T19:15:11.110Z"}
{"level":"info","message":"Mongoose version: 3.8.1","timestamp":"2015-02-02T19:15:11.136Z"}
{"level":"info","message":"Connected to Database. mongodb://localhost:27017/terapi","timestamp":"2015-02-02T19:15:11.136Z"}
{"level":"error","message":"Mongoose default connection disconnected","timestamp":"2015-02-02T19:15:58.184Z"}
{"level":"info","message":"Nodejs server Version: v0.10.29","timestamp":"2015-02-02T19:16:04.855Z"}
{"level":"info","message":"Running on http://localhost:8080","timestamp":"2015-02-02T19:16:04.857Z"}
{"level":"info","message":"Process Id (pid): 7731","timestamp":"2015-02-02T19:16:04.858Z"}
{"level":"info","message":"Mongoose version: 3.8.1","timestamp":"2015-02-02T19:16:04.893Z"}
{"level":"info","message":"Connected to Database. mongodb://localhost:27017/terapi","timestamp":"2015-02-02T19:16:04.893Z"}
{"level":"error","message":"Mongoose default connection disconnected","timestamp":"2015-02-02T19:27:52.004Z"}
{"level":"info","message":"Nodejs server Version: v0.10.29","timestamp":"2015-02-02T19:28:03.405Z"}
{"level":"info","message":"Running on http://localhost:8080","timestamp":"2015-02-02T19:28:03.407Z"}
{"level":"info","message":"Process Id (pid): 8099","timestamp":"2015-02-02T19:28:03.407Z"}
{"level":"info","message":"Mongoose version: 3.8.1","timestamp":"2015-02-02T19:28:03.514Z"}
{"level":"info","message":"Connected to Database. mongodb://localhost:27017/terapi","timestamp":"2015-02-02T19:28:03.514Z"}
{"level":"update","message":"Account UPD: La cuenta ha sido Habilitada correctamente.","timestamp":"2015-02-02T19:28:57.744Z"}
{"level":"error","message":"Mongoose default connection disconnected","timestamp":"2015-02-02T19:30:08.737Z"}
{"level":"info","message":"Nodejs server Version: v0.10.29","timestamp":"2015-02-02T19:30:15.134Z"}
{"level":"info","message":"Running on http://localhost:8080","timestamp":"2015-02-02T19:30:15.136Z"}
{"level":"info","message":"Process Id (pid): 8175","timestamp":"2015-02-02T19:30:15.136Z"}
{"level":"info","message":"Mongoose version: 3.8.1","timestamp":"2015-02-02T19:30:15.159Z"}
{"level":"info","message":"Connected to Database. mongodb://localhost:27017/terapi","timestamp":"2015-02-02T19:30:15.159Z"}
{"level":"update","message":"Account UPD: La cuenta ha sido Habilitada correctamente. reyesdiego@hotmail.com","timestamp":"2015-02-02T19:31:09.756Z"}
{"level":"info","message":"User 'agp' has logged in From: 10.10.0.182","timestamp":"2015-02-03T12:29:43.807Z"}
{"level":"info","message":"User 'agp' has logged in From: 10.10.0.182","timestamp":"2015-02-03T13:32:03.222Z"}
{"level":"error","message":"undefined","timestamp":"2015-02-03T13:33:01.639Z"}
{"level":"info","message":"User 'agp' has logged in From: 10.10.0.182","timestamp":"2015-02-03T13:34:26.230Z"}
{"level":"error","message":"undefined","timestamp":"2015-02-03T13:34:29.470Z"}
{"level":"error","message":"undefined","timestamp":"2015-02-03T13:34:55.693Z"}
{"level":"error","message":"undefined","timestamp":"2015-02-03T13:35:30.260Z"}
{"level":"error","message":"undefined","timestamp":"2015-02-03T13:35:42.678Z"}
{"level":"error","message":"undefined","timestamp":"2015-02-03T13:35:50.657Z"}
{"level":"error","message":"undefined","timestamp":"2015-02-03T13:36:42.869Z"}
{"level":"error","message":"undefined","timestamp":"2015-02-03T13:40:41.260Z"}
{"level":"info","message":"User 'agp' has logged in From: 10.10.0.182","timestamp":"2015-02-03T13:43:57.875Z"}
{"level":"error","message":"undefined","timestamp":"2015-02-03T13:44:02.355Z"}
{"level":"error","message":"undefined","timestamp":"2015-02-03T13:48:12.638Z"}
{"level":"error","message":"undefined","timestamp":"2015-02-03T13:48:36.267Z"}
{"level":"info","message":"User 'agp' has logged in From: 127.0.0.1","timestamp":"2015-02-03T14:06:52.751Z"}
{"level":"info","message":"User 'agp' has logged in From: 127.0.0.1","timestamp":"2015-02-03T14:08:19.351Z"}
{"level":"info","message":"User 'agp' has logged in From: 10.10.0.182","timestamp":"2015-02-03T14:15:03.391Z"}
{"level":"error","message":"Mongoose default connection disconnected","timestamp":"2015-02-03T14:16:55.480Z"}
{"level":"info","message":"Nodejs server Version: v0.10.29","timestamp":"2015-02-03T14:17:08.604Z"}
{"level":"info","message":"Running on http://localhost:8080","timestamp":"2015-02-03T14:17:08.606Z"}
{"level":"info","message":"Process Id (pid): 29919","timestamp":"2015-02-03T14:17:08.606Z"}
{"level":"info","message":"Mongoose version: 3.8.1","timestamp":"2015-02-03T14:17:08.740Z"}
{"level":"info","message":"Connected to Database. mongodb://localhost:27017/terapi","timestamp":"2015-02-03T14:17:08.741Z"}
{"level":"error","message":"Mongoose default connection disconnected","timestamp":"2015-02-03T14:18:59.476Z"}
{"level":"info","message":"Nodejs server Version: v0.10.29","timestamp":"2015-02-03T14:19:09.172Z"}
{"level":"info","message":"Running on http://localhost:8080","timestamp":"2015-02-03T14:19:09.174Z"}
{"level":"info","message":"Process Id (pid): 29970","timestamp":"2015-02-03T14:19:09.174Z"}
{"level":"info","message":"Mongoose version: 3.8.1","timestamp":"2015-02-03T14:19:09.217Z"}
{"level":"info","message":"Connected to Database. mongodb://localhost:27017/terapi","timestamp":"2015-02-03T14:19:09.218Z"}
{"level":"update","message":"Account UPD: reyesdiego@hotmail.com, se envío el cambio de clave correctamente.","timestamp":"2015-02-03T14:19:29.108Z"}
{"level":"error","message":"Mongoose default connection disconnected","timestamp":"2015-02-03T14:38:58.799Z"}
